2026/06/13 22:22:01 New backend server running on :8081
2026/06/13 22:24:59 Starting dynamic test: Mock Replication Test 001
2026/06/13 22:24:59 Source table: orders_source, Destination table: orders_destination
2026/06/13 22:24:59 Target row count: 5, Timeout: 15 seconds
2026/06/13 22:24:59 Phase 1: Injecting data into source table orders_source...
2026/06/13 22:24:59 Successfully injected 5 rows into source table
2026/06/13 22:24:59 [MOCK ETL] Simulating ETL replication by writing configured expected values to destination table...
2026/06/13 22:24:59 [MOCK ETL] Simulated replication completed for 5 rows
2026/06/13 22:24:59 Phase 2: Polling destination table orders_destination for replication verification...
2026/06/13 22:24:59 Polling: 0/5 rows verified. Waiting 1 second...
2026/06/13 22:25:00 Polling: 0/5 rows verified. Waiting 1 second...
2026/06/13 22:25:01 Polling: 0/5 rows verified. Waiting 1 second...
2026/06/13 22:25:02 Polling: 0/5 rows verified. Waiting 1 second...
2026/06/13 22:25:03 Polling: 0/5 rows verified. Waiting 1 second...
2026/06/13 22:25:04 Polling: 0/5 rows verified. Waiting 1 second...
2026/06/13 22:25:05 Polling: 0/5 rows verified. Waiting 1 second...
2026/06/13 22:25:06 Polling: 0/5 rows verified. Waiting 1 second...
2026/06/13 22:25:07 Polling: 0/5 rows verified. Waiting 1 second...
2026/06/13 22:25:08 Polling: 0/5 rows verified. Waiting 1 second...
2026/06/13 22:25:09 Polling: 0/5 rows verified. Waiting 1 second...
2026/06/13 22:25:10 Polling: 0/5 rows verified. Waiting 1 second...
2026/06/13 22:25:11 Polling: 0/5 rows verified. Waiting 1 second...
2026/06/13 22:25:12 Polling: 0/5 rows verified. Waiting 1 second...
2026/06/13 22:25:13 Polling: 0/5 rows verified. Waiting 1 second...
2026/06/13 22:25:14 Timeout! Reached timeout limit of 15 seconds.
2026/06/13 22:25:14 Only 0 out of 5 rows were verified.
2026/06/13 22:25:14 Row index 1 matches filter but has field mismatch: col total_amount expected '1' got '1.00'
2026/06/13 22:25:14 Row index 2 matches filter but has field mismatch: col total_amount expected '2' got '2.00'
2026/06/13 22:25:14 Row index 3 matches filter but has field mismatch: col total_amount expected '3' got '3.00'
2026/06/13 22:25:14 Row index 4 matches filter but has field mismatch: col total_amount expected '4' got '4.00'
2026/06/13 22:25:14 Row index 5 matches filter but has field mismatch: col total_amount expected '5' got '5.00'
2026/06/13 22:26:24 Starting dynamic test: Mock Replication Test 001
2026/06/13 22:26:24 Source table: orders_source, Destination table: orders_destination
2026/06/13 22:26:24 Target row count: 5, Timeout: 15 seconds
2026/06/13 22:26:24 Phase 1: Injecting data into source table orders_source...
2026/06/13 22:26:24 Error injecting row 1: Error 1062 (23000): Duplicate entry '1' for key 'orders_source.PRIMARY'
2026/06/13 22:26:24 Run finished with execution error: Error 1062 (23000): Duplicate entry '1' for key 'orders_source.PRIMARY'
